Determining if the pthread_create exist failed with the following output:
Change Dir: /home/sahana/catkin_ws/build/CMakeFiles/CMakeTmp

Run Build Command:"/usr/bin/make" "cmTC_2502c/fast"
/usr/bin/make -f CMakeFiles/cmTC_2502c.dir/build.make CMakeFiles/cmTC_2502c.dir/build
make[1]: Entering directory '/home/sahana/catkin_ws/build/CMakeFiles/CMakeTmp'
Building C object CMakeFiles/cmTC_2502c.dir/CheckSymbolExists.c.o
/usr/bin/cc     -o CMakeFiles/cmTC_2502c.dir/CheckSymbolExists.c.o   -c /home/sahana/catkin_ws/build/CMakeFiles/CMakeTmp/CheckSymbolExists.c
Linking C executable cmTC_2502c
/usr/bin/cmake -E cmake_link_script CMakeFiles/cmTC_2502c.dir/link.txt --verbose=1
/usr/bin/cc       CMakeFiles/cmTC_2502c.dir/CheckSymbolExists.c.o  -o cmTC_2502c -rdynamic 
CMakeFiles/cmTC_2502c.dir/CheckSymbolExists.c.o: In function `main':
CheckSymbolExists.c:(.text+0x16): undefined reference to `pthread_create'
collect2: error: ld returned 1 exit status
CMakeFiles/cmTC_2502c.dir/build.make:97: recipe for target 'cmTC_2502c' failed
make[1]: *** [cmTC_2502c] Error 1
make[1]: Leaving directory '/home/sahana/catkin_ws/build/CMakeFiles/CMakeTmp'
Makefile:126: recipe for target 'cmTC_2502c/fast' failed
make: *** [cmTC_2502c/fast] Error 2

File /home/sahana/catkin_ws/build/CMakeFiles/CMakeTmp/CheckSymbolExists.c:
/* */
#include <pthread.h>

int main(int argc, char** argv)
{
  (void)argv;
#ifndef pthread_create
  return ((int*)(&pthread_create))[argc];
#else
  (void)argc;
  return 0;
#endif
}

Determining if the function pthread_create exists in the pthreads failed with the following output:
Change Dir: /home/sahana/catkin_ws/build/CMakeFiles/CMakeTmp

Run Build Command:"/usr/bin/make" "cmTC_ed409/fast"
/usr/bin/make -f CMakeFiles/cmTC_ed409.dir/build.make CMakeFiles/cmTC_ed409.dir/build
make[1]: Entering directory '/home/sahana/catkin_ws/build/CMakeFiles/CMakeTmp'
Building C object CMakeFiles/cmTC_ed409.dir/CheckFunctionExists.c.o
/usr/bin/cc    -DCHECK_FUNCTION_EXISTS=pthread_create   -o CMakeFiles/cmTC_ed409.dir/CheckFunctionExists.c.o   -c /usr/share/cmake-3.5/Modules/CheckFunctionExists.c
Linking C executable cmTC_ed409
/usr/bin/cmake -E cmake_link_script CMakeFiles/cmTC_ed409.dir/link.txt --verbose=1
/usr/bin/cc   -DCHECK_FUNCTION_EXISTS=pthread_create    CMakeFiles/cmTC_ed409.dir/CheckFunctionExists.c.o  -o cmTC_ed409 -rdynamic -lpthreads 
/usr/bin/ld: cannot find -lpthreads
collect2: error: ld returned 1 exit status
CMakeFiles/cmTC_ed409.dir/build.make:97: recipe for target 'cmTC_ed409' failed
make[1]: *** [cmTC_ed409] Error 1
make[1]: Leaving directory '/home/sahana/catkin_ws/build/CMakeFiles/CMakeTmp'
Makefile:126: recipe for target 'cmTC_ed409/fast' failed
make: *** [cmTC_ed409/fast] Error 2


